[2024-01-17 07:33:56,518] {taskinstance.py:1179} INFO - Dependencies all met for <TaskInstance: example_bash_operator.this_will_skip scheduled__2024-01-16T00:00:00+00:00 [queued]>
[2024-01-17 07:33:56,571] {taskinstance.py:1179} INFO - Dependencies all met for <TaskInstance: example_bash_operator.this_will_skip scheduled__2024-01-16T00:00:00+00:00 [queued]>
[2024-01-17 07:33:56,572] {taskinstance.py:1376} INFO - 
--------------------------------------------------------------------------------
[2024-01-17 07:33:56,572] {taskinstance.py:1377} INFO - Starting attempt 1 of 1
[2024-01-17 07:33:56,572] {taskinstance.py:1378} INFO - 
--------------------------------------------------------------------------------
[2024-01-17 07:33:56,675] {taskinstance.py:1397} INFO - Executing <Task(BashOperator): this_will_skip> on 2024-01-16 00:00:00+00:00
[2024-01-17 07:33:56,713] {standard_task_runner.py:52} INFO - Started process 2274 to run task
[2024-01-17 07:33:56,751] {standard_task_runner.py:79} INFO - Running: ['***', 'tasks', 'run', 'example_bash_operator', 'this_will_skip', 'scheduled__2024-01-16T00:00:00+00:00', '--job-id', '6', '--raw', '--subdir', '/home/***/.local/lib/python3.7/site-packages/***/example_dags/example_bash_operator.py', '--cfg-path', '/tmp/tmpbsqyxlr0', '--error-file', '/tmp/tmpzpz4h9d8']
[2024-01-17 07:33:56,752] {standard_task_runner.py:80} INFO - Job 6: Subtask this_will_skip
[2024-01-17 07:33:56,833] {warnings.py:110} WARNING - /home/***/.local/lib/python3.7/site-packages/***/configuration.py:528: DeprecationWarning: The sql_alchemy_conn option in [core] has been moved to the sql_alchemy_conn option in [database] - the old setting has been used, but please update your config.
  option = self._get_environment_variables(deprecated_key, deprecated_section, key, section)

[2024-01-17 07:33:57,381] {task_command.py:371} INFO - Running <TaskInstance: example_bash_operator.this_will_skip scheduled__2024-01-16T00:00:00+00:00 [running]> on host 89a709ccad2d
[2024-01-17 07:33:57,721] {taskinstance.py:1591} INFO - Exporting the following env vars:
AIRFLOW_CTX_DAG_OWNER=***
AIRFLOW_CTX_DAG_ID=example_bash_operator
AIRFLOW_CTX_TASK_ID=this_will_skip
AIRFLOW_CTX_EXECUTION_DATE=2024-01-16T00:00:00+00:00
AIRFLOW_CTX_TRY_NUMBER=1
AIRFLOW_CTX_DAG_RUN_ID=scheduled__2024-01-16T00:00:00+00:00
[2024-01-17 07:33:57,723] {subprocess.py:62} INFO - Tmp dir root location: 
 /tmp
[2024-01-17 07:33:57,732] {subprocess.py:74} INFO - Running command: ['bash', '-c', 'echo "hello world"; exit 99;']
[2024-01-17 07:33:57,756] {subprocess.py:85} INFO - Output:
[2024-01-17 07:33:57,760] {subprocess.py:92} INFO - hello world
[2024-01-17 07:33:57,760] {subprocess.py:96} INFO - Command exited with return code 99
[2024-01-17 07:33:57,761] {taskinstance.py:1498} INFO - Bash command returned exit code 99. Skipping.
[2024-01-17 07:33:57,798] {taskinstance.py:1420} INFO - Marking task as SKIPPED. dag_id=example_bash_operator, task_id=this_will_skip, execution_date=20240116T000000, start_date=20240117T073356, end_date=20240117T073357
[2024-01-17 07:33:57,834] {local_task_job.py:156} INFO - Task exited with return code 0
[2024-01-17 07:33:57,909] {local_task_job.py:273} INFO - 0 downstream tasks scheduled from follow-on schedule check
