[2024-01-17 07:33:56,358] {taskinstance.py:1179} INFO - Dependencies all met for <TaskInstance: example_bash_operator.runme_2 scheduled__2024-01-16T00:00:00+00:00 [queued]>
[2024-01-17 07:33:56,415] {taskinstance.py:1179} INFO - Dependencies all met for <TaskInstance: example_bash_operator.runme_2 scheduled__2024-01-16T00:00:00+00:00 [queued]>
[2024-01-17 07:33:56,415] {taskinstance.py:1376} INFO - 
--------------------------------------------------------------------------------
[2024-01-17 07:33:56,416] {taskinstance.py:1377} INFO - Starting attempt 1 of 1
[2024-01-17 07:33:56,416] {taskinstance.py:1378} INFO - 
--------------------------------------------------------------------------------
[2024-01-17 07:33:56,480] {taskinstance.py:1397} INFO - Executing <Task(BashOperator): runme_2> on 2024-01-16 00:00:00+00:00
[2024-01-17 07:33:56,532] {standard_task_runner.py:52} INFO - Started process 2273 to run task
[2024-01-17 07:33:56,538] {standard_task_runner.py:79} INFO - Running: ['***', 'tasks', 'run', 'example_bash_operator', 'runme_2', 'scheduled__2024-01-16T00:00:00+00:00', '--job-id', '5', '--raw', '--subdir', '/home/***/.local/lib/python3.7/site-packages/***/example_dags/example_bash_operator.py', '--cfg-path', '/tmp/tmpo5vmk6q9', '--error-file', '/tmp/tmpemyp5l2l']
[2024-01-17 07:33:56,551] {standard_task_runner.py:80} INFO - Job 5: Subtask runme_2
[2024-01-17 07:33:56,638] {warnings.py:110} WARNING - /home/***/.local/lib/python3.7/site-packages/***/configuration.py:528: DeprecationWarning: The sql_alchemy_conn option in [core] has been moved to the sql_alchemy_conn option in [database] - the old setting has been used, but please update your config.
  option = self._get_environment_variables(deprecated_key, deprecated_section, key, section)

[2024-01-17 07:33:57,117] {task_command.py:371} INFO - Running <TaskInstance: example_bash_operator.runme_2 scheduled__2024-01-16T00:00:00+00:00 [running]> on host 89a709ccad2d
[2024-01-17 07:33:57,673] {taskinstance.py:1591} INFO - Exporting the following env vars:
AIRFLOW_CTX_DAG_OWNER=***
AIRFLOW_CTX_DAG_ID=example_bash_operator
AIRFLOW_CTX_TASK_ID=runme_2
AIRFLOW_CTX_EXECUTION_DATE=2024-01-16T00:00:00+00:00
AIRFLOW_CTX_TRY_NUMBER=1
AIRFLOW_CTX_DAG_RUN_ID=scheduled__2024-01-16T00:00:00+00:00
[2024-01-17 07:33:57,675] {subprocess.py:62} INFO - Tmp dir root location: 
 /tmp
[2024-01-17 07:33:57,676] {subprocess.py:74} INFO - Running command: ['bash', '-c', 'echo "example_bash_operator__runme_2__20240116" && sleep 1']
[2024-01-17 07:33:57,718] {subprocess.py:85} INFO - Output:
[2024-01-17 07:33:57,721] {subprocess.py:92} INFO - example_bash_operator__runme_2__20240116
[2024-01-17 07:33:58,735] {subprocess.py:96} INFO - Command exited with return code 0
[2024-01-17 07:33:58,806] {taskinstance.py:1420} INFO - Marking task as SUCCESS. dag_id=example_bash_operator, task_id=runme_2, execution_date=20240116T000000, start_date=20240117T073356, end_date=20240117T073358
[2024-01-17 07:33:58,843] {local_task_job.py:156} INFO - Task exited with return code 0
[2024-01-17 07:33:58,917] {local_task_job.py:273} INFO - 1 downstream tasks scheduled from follow-on schedule check
